<?xml version="1.0" encoding="UTF-8"?>
<testsuite xmlns:xsi="http://www.w3.org/2001/XMLSchema-instance" xsi:noNamespaceSchemaLocation="https://maven.apache.org/surefire/maven-surefire-plugin/xsd/surefire-test-report-3.0.xsd" version="3.0" name="org.example.bank.domain.BankTest" time="0.893" tests="22" errors="0" skipped="0" failures="0">
  <properties>
    <property name="java.specification.version" value="22"/>
    <property name="sun.cpu.isalist" value="amd64"/>
    <property name="sun.jnu.encoding" value="Cp1252"/>
    <property name="java.class.path" value="C:\Users\Sam\IdeaProjects\simple-money-transfer\target\test-classes;C:\Users\Sam\IdeaProjects\simple-money-transfer\target\classes;C:\Users\Sam\.m2\repository\org\junit\jupiter\junit-jupiter\5.11.0-M2\junit-jupiter-5.11.0-M2.jar;C:\Users\Sam\.m2\repository\org\junit\jupiter\junit-jupiter-api\5.11.0-M2\junit-jupiter-api-5.11.0-M2.jar;C:\Users\Sam\.m2\repository\org\opentest4j\opentest4j\1.3.0\opentest4j-1.3.0.jar;C:\Users\Sam\.m2\repository\org\junit\platform\junit-platform-commons\1.11.0-M2\junit-platform-commons-1.11.0-M2.jar;C:\Users\Sam\.m2\repository\org\apiguardian\apiguardian-api\1.1.2\apiguardian-api-1.1.2.jar;C:\Users\Sam\.m2\repository\org\junit\jupiter\junit-jupiter-params\5.11.0-M2\junit-jupiter-params-5.11.0-M2.jar;C:\Users\Sam\.m2\repository\org\junit\jupiter\junit-jupiter-engine\5.11.0-M2\junit-jupiter-engine-5.11.0-M2.jar;C:\Users\Sam\.m2\repository\org\junit\platform\junit-platform-engine\1.11.0-M2\junit-platform-engine-1.11.0-M2.jar;"/>
    <property name="java.vm.vendor" value="Oracle Corporation"/>
    <property name="sun.arch.data.model" value="64"/>
    <property name="user.variant" value=""/>
    <property name="java.vendor.url" value="https://java.oracle.com/"/>
    <property name="user.timezone" value="Europe/Madrid"/>
    <property name="user.country.format" value="ES"/>
    <property name="os.name" value="Windows 11"/>
    <property name="java.vm.specification.version" value="22"/>
    <property name="sun.java.launcher" value="SUN_STANDARD"/>
    <property name="user.country" value="GB"/>
    <property name="sun.boot.library.path" value="C:\Program Files\Java\jdk-22\bin"/>
    <property name="sun.java.command" value="C:\Users\Sam\AppData\Local\Temp\surefire10689987227448269136\surefirebooter-20240628221330348_3.jar C:\Users\Sam\AppData\Local\Temp\surefire10689987227448269136 2024-06-28T22-13-30_268-jvmRun1 surefire-20240628221330348_1tmp surefire_0-20240628221330348_2tmp"/>
    <property name="jdk.debug" value="release"/>
    <property name="surefire.test.class.path" value="C:\Users\Sam\IdeaProjects\simple-money-transfer\target\test-classes;C:\Users\Sam\IdeaProjects\simple-money-transfer\target\classes;C:\Users\Sam\.m2\repository\org\junit\jupiter\junit-jupiter\5.11.0-M2\junit-jupiter-5.11.0-M2.jar;C:\Users\Sam\.m2\repository\org\junit\jupiter\junit-jupiter-api\5.11.0-M2\junit-jupiter-api-5.11.0-M2.jar;C:\Users\Sam\.m2\repository\org\opentest4j\opentest4j\1.3.0\opentest4j-1.3.0.jar;C:\Users\Sam\.m2\repository\org\junit\platform\junit-platform-commons\1.11.0-M2\junit-platform-commons-1.11.0-M2.jar;C:\Users\Sam\.m2\repository\org\apiguardian\apiguardian-api\1.1.2\apiguardian-api-1.1.2.jar;C:\Users\Sam\.m2\repository\org\junit\jupiter\junit-jupiter-params\5.11.0-M2\junit-jupiter-params-5.11.0-M2.jar;C:\Users\Sam\.m2\repository\org\junit\jupiter\junit-jupiter-engine\5.11.0-M2\junit-jupiter-engine-5.11.0-M2.jar;C:\Users\Sam\.m2\repository\org\junit\platform\junit-platform-engine\1.11.0-M2\junit-platform-engine-1.11.0-M2.jar;"/>
    <property name="sun.cpu.endian" value="little"/>
    <property name="user.home" value="C:\Users\Sam"/>
    <property name="user.language" value="en"/>
    <property name="java.specification.vendor" value="Oracle Corporation"/>
    <property name="java.version.date" value="2024-04-16"/>
    <property name="java.home" value="C:\Program Files\Java\jdk-22"/>
    <property name="file.separator" value="\"/>
    <property name="basedir" value="C:\Users\Sam\IdeaProjects\simple-money-transfer"/>
    <property name="java.vm.compressedOopsMode" value="Zero based"/>
    <property name="line.separator" value="&#10;"/>
    <property name="java.vm.specification.vendor" value="Oracle Corporation"/>
    <property name="java.specification.name" value="Java Platform API Specification"/>
    <property name="surefire.real.class.path" value="C:\Users\Sam\AppData\Local\Temp\surefire10689987227448269136\surefirebooter-20240628221330348_3.jar"/>
    <property name="user.script" value=""/>
    <property name="sun.management.compiler" value="HotSpot 64-Bit Tiered Compilers"/>
    <property name="java.runtime.version" value="22.0.1+8-16"/>
    <property name="user.name" value="Sam"/>
    <property name="stdout.encoding" value="Cp1252"/>
    <property name="path.separator" value=";"/>
    <property name="os.version" value="10.0"/>
    <property name="java.runtime.name" value="Java(TM) SE Runtime Environment"/>
    <property name="file.encoding" value="UTF-8"/>
    <property name="java.vm.name" value="Java HotSpot(TM) 64-Bit Server VM"/>
    <property name="localRepository" value="C:\Users\Sam\.m2\repository"/>
    <property name="java.vendor.url.bug" value="https://bugreport.java.com/bugreport/"/>
    <property name="java.io.tmpdir" value="C:\Users\Sam\AppData\Local\Temp\"/>
    <property name="java.version" value="22.0.1"/>
    <property name="user.dir" value="C:\Users\Sam\IdeaProjects\simple-money-transfer"/>
    <property name="os.arch" value="amd64"/>
    <property name="java.vm.specification.name" value="Java Virtual Machine Specification"/>
    <property name="user.language.format" value="es"/>
    <property name="sun.os.patch.level" value=""/>
    <property name="native.encoding" value="Cp1252"/>
    <property name="java.library.path" value="C:\Program Files\Java\jdk-22\bin;C:\Windows\Sun\Java\bin;C:\Windows\system32;C:\Windows;C:\Program Files\Common Files\Oracle\Java\javapath;C:\Program Files (x86)\Common Files\Oracle\Java\java8path;C:\Program Files (x86)\Common Files\Oracle\Java\javapath;C:\Windows\system32;C:\Windows;C:\Windows\System32\Wbem;C:\Windows\System32\WindowsPowerShell\v1.0\;C:\Windows\System32\OpenSSH\;C:\Program Files (x86)\NVIDIA Corporation\PhysX\Common;C:\Program Files\NVIDIA Corporation\NVIDIA NvDLISR;C:\Program Files\AutoFirma\AutoFirma;C:\Program Files\Git\cmd;C:\Program Files\Docker\Docker\resources\bin;C:\Program Files\Maven\apache-maven-3.9.7\bin;C:\Users\Sam\AppData\Local\Programs\Python\Launcher\;C:\Users\Sam\AppData\Local\Microsoft\WindowsApps;;C:\Program Files\JetBrains\IntelliJ IDEA 2024.1\bin;;C:\Program Files\JetBrains\PyCharm Community Edition 2024.1.1\bin;;."/>
    <property name="java.vm.info" value="mixed mode, sharing"/>
    <property name="stderr.encoding" value="Cp1252"/>
    <property name="java.vendor" value="Oracle Corporation"/>
    <property name="java.vm.version" value="22.0.1+8-16"/>
    <property name="sun.io.unicode.encoding" value="UnicodeLittle"/>
    <property name="java.class.version" value="66.0"/>
  </properties>
  <testcase name="shouldSupportConcurrentlyTransfersWhenMoreThanTwoAccountsAreMakingConcurrentTransfers(TransferStrategy)[1]" classname="org.example.bank.domain.BankTest" time="0.079"/>
  <testcase name="shouldSupportConcurrentlyTransfersWhenMoreThanTwoAccountsAreMakingConcurrentTransfers(TransferStrategy)[2]" classname="org.example.bank.domain.BankTest" time="0.024"/>
  <testcase name="shouldSupportConcurrentlyTransfersWhenMoreThanTwoAccountsAreMakingConcurrentTransfers(TransferStrategy)[3]" classname="org.example.bank.domain.BankTest" time="0.051"/>
  <testcase name="shouldThrowExceptionWhenAccountNotFound" classname="org.example.bank.domain.BankTest" time="0.003"/>
  <testcase name="shouldRetrieveTheBalanceOfAnAccount" classname="org.example.bank.domain.BankTest" time="0.001"/>
  <testcase name="shouldTransferMoney(TransferStrategy)[1]" classname="org.example.bank.domain.BankTest" time="0.001"/>
  <testcase name="shouldTransferMoney(TransferStrategy)[2]" classname="org.example.bank.domain.BankTest" time="0.001"/>
  <testcase name="shouldTransferMoney(TransferStrategy)[3]" classname="org.example.bank.domain.BankTest" time="0.0"/>
  <testcase name="shouldSupportConcurrentlyTransfers(TransferStrategy)[1]" classname="org.example.bank.domain.BankTest" time="0.004"/>
  <testcase name="shouldSupportConcurrentlyTransfers(TransferStrategy)[2]" classname="org.example.bank.domain.BankTest" time="0.004"/>
  <testcase name="shouldSupportConcurrentlyTransfers(TransferStrategy)[3]" classname="org.example.bank.domain.BankTest" time="0.008"/>
  <testcase name="shouldRegisterAccount" classname="org.example.bank.domain.BankTest" time="0.002"/>
  <testcase name="compareTransferMethodsEfficiency(RepetitionInfo)[1]" classname="org.example.bank.domain.BankTest" time="0.081"/>
  <testcase name="compareTransferMethodsEfficiency(RepetitionInfo)[2]" classname="org.example.bank.domain.BankTest" time="0.075"/>
  <testcase name="compareTransferMethodsEfficiency(RepetitionInfo)[3]" classname="org.example.bank.domain.BankTest" time="0.073"/>
  <testcase name="compareTransferMethodsEfficiency(RepetitionInfo)[4]" classname="org.example.bank.domain.BankTest" time="0.065"/>
  <testcase name="compareTransferMethodsEfficiency(RepetitionInfo)[5]" classname="org.example.bank.domain.BankTest" time="0.054"/>
  <testcase name="compareTransferMethodsEfficiency(RepetitionInfo)[6]" classname="org.example.bank.domain.BankTest" time="0.06"/>
  <testcase name="compareTransferMethodsEfficiency(RepetitionInfo)[7]" classname="org.example.bank.domain.BankTest" time="0.064"/>
  <testcase name="compareTransferMethodsEfficiency(RepetitionInfo)[8]" classname="org.example.bank.domain.BankTest" time="0.063"/>
  <testcase name="compareTransferMethodsEfficiency(RepetitionInfo)[9]" classname="org.example.bank.domain.BankTest" time="0.061"/>
  <testcase name="compareTransferMethodsEfficiency(RepetitionInfo)[10]" classname="org.example.bank.domain.BankTest" time="0.066">
    <system-out><![CDATA[Mean time taken by serializedTransfer: 1720960 ns
Mean time taken by pessimisticLockTransfer: 2325670 ns
Mean time taken by optimisticLockTransfer: 2170420 ns
---------------------------------------------
Mean speedup of pessimisticLockTransfer over serializedTransfer: 0,74 x
Mean speedup of optimisticLockTransfer over serializedTransfer: 0,79 x 
]]></system-out>
  </testcase>
</testsuite>